d:\v1.5\live\hooks.obj
d:\v1.5\live\menu_indicators.obj
d:\v1.5\live\structs.obj
d:\v1.5\live\exploits.obj
d:\v1.5\live\post_processing.obj
d:\v1.5\live\esp.obj
d:\v1.5\live\game_movement.obj
d:\v1.5\live\menu_tabs.obj
d:\v1.5\live\xorstr.obj
d:\v1.5\live\features.obj
d:\v1.5\live\imgui_impl_win32.obj
d:\v1.5\live\jsoncpp.obj
d:\v1.5\live\config_system.obj
d:\v1.5\live\entlistener.obj
d:\v1.5\live\animations.obj
d:\v1.5\live\memory.obj
d:\v1.5\live\glow.obj
d:\v1.5\live\slider.obj
d:\v1.5\live\resolver.obj
d:\v1.5\live\fov_and_view.obj
d:\v1.5\live\checkbox.obj
d:\v1.5\live\spoofers.obj
d:\v1.5\live\cmd_shift.obj
d:\v1.5\live\netvars.obj
d:\v1.5\live\detour_hooks.obj
d:\v1.5\live\imgui_draw.obj
d:\v1.5\live\interfaces.obj
d:\v1.5\live\snow.obj
d:\v1.5\live\skins.obj
d:\v1.5\live\dllmain.obj
d:\v1.5\live\button.obj
d:\v1.5\live\remove_projectiles.obj
d:\v1.5\live\anti_aim.obj
d:\v1.5\live\fake_lag.obj
d:\v1.5\live\modules.obj
d:\v1.5\live\engine_prediction.obj
d:\v1.5\live\math.obj
d:\v1.5\live\xorpointer.obj
d:\v1.5\live\globals.obj
d:\v1.5\live\hud_hacks.obj
d:\v1.5\live\combobox.obj
d:\v1.5\live\threaded_animstate.obj
d:\v1.5\live\grenade_prediction.obj
d:\v1.5\live\main_utils.obj
d:\v1.5\live\sdk_misc.obj
d:\v1.5\live\esp_object_render.obj
d:\v1.5\live\colorpicker.obj
d:\v1.5\live\render.obj
d:\v1.5\live\bytesarray.obj
d:\v1.5\live\key_states.obj
d:\v1.5\live\md5_pseudo_random.obj
d:\v1.5\live\vmt_hooks.obj
d:\v1.5\live\clantag.obj
d:\v1.5\live\legacy_str.obj
d:\v1.5\live\threads.obj
d:\v1.5\live\convars.obj
d:\v1.5\live\textbox.obj
d:\v1.5\live\thirdperson.obj
d:\v1.5\live\event_logs.obj
d:\v1.5\live\keybind.obj
d:\v1.5\live\server_bones.obj
d:\v1.5\live\bullet_tracers.obj
d:\v1.5\live\offsets.obj
d:\v1.5\live\entities.obj
d:\v1.5\live\misc_structs.obj
d:\v1.5\live\chams.obj
d:\v1.5\live\penetration.obj
d:\v1.5\live\imgui.obj
d:\v1.5\live\config_vars.obj
d:\v1.5\live\movement.obj
d:\v1.5\live\imgui_impl_dx9.obj
d:\v1.5\live\lagcomp.obj
d:\v1.5\live\predfix.obj
d:\v1.5\live\checksum_crc32.obj
d:\v1.5\live\listbox.obj
d:\v1.5\live\vgui_panel.obj
d:\v1.5\live\buy_bot.obj
d:\v1.5\live\menu.obj
d:\v1.5\live\world_modulation.obj
d:\v1.5\live\eventlistener.obj
d:\v1.5\live\imgui_freetype.obj
d:\v1.5\live\imgui_widgets.obj
d:\v1.5\live\knifebot.obj
d:\v1.5\bins\csgo-release.dll
d:\v1.5\live\csgo-release.iobj
d:\v1.5\live\ragebot.obj
d:\v1.5\live\csgo-release.ipdb
d:\v1.5\live\opaihook.tlog\cl.command.1.tlog
d:\v1.5\live\opaihook.tlog\cl.write.1.tlog
d:\v1.5\live\opaihook.tlog\link.command.1.tlog
d:\v1.5\live\opaihook.tlog\link.read.1.tlog
d:\v1.5\live\opaihook.tlog\link.write.1.tlog
