d:\v1.5\alpha\glow.obj
d:\v1.5\alpha\listbox.obj
d:\v1.5\alpha\skins.obj
d:\v1.5\alpha\imgui_freetype.obj
d:\v1.5\alpha\imgui_impl_win32.obj
d:\v1.5\alpha\jsoncpp.obj
d:\v1.5\alpha\config_vars.obj
d:\v1.5\alpha\penetration.obj
d:\v1.5\alpha\features.obj
d:\v1.5\alpha\imgui_impl_dx9.obj
d:\v1.5\alpha\knifebot.obj
d:\v1.5\alpha\netvars.obj
d:\v1.5\alpha\xorpointer.obj
d:\v1.5\alpha\imgui.obj
d:\v1.5\alpha\config_system.obj
d:\v1.5\alpha\eventlistener.obj
d:\v1.5\alpha\checksum_crc32.obj
d:\v1.5\alpha\combobox.obj
d:\v1.5\alpha\remove_projectiles.obj
d:\v1.5\alpha\client.obj
d:\v1.5\alpha\interfaces.obj
d:\v1.5\alpha\menu_tabs.obj
d:\v1.5\alpha\cmd_shift.obj
d:\v1.5\alpha\memory.obj
d:\v1.5\alpha\vgui_panel.obj
d:\v1.5\alpha\esp_object_render.obj
d:\v1.5\alpha\checkbox.obj
d:\v1.5\alpha\render.obj
d:\v1.5\alpha\chams.obj
d:\v1.5\alpha\movement.obj
d:\v1.5\alpha\detour_hooks.obj
d:\v1.5\alpha\hooks.obj
d:\v1.5\alpha\menu.obj
d:\v1.5\alpha\threads.obj
d:\v1.5\alpha\bytesarray.obj
d:\v1.5\alpha\imgui_widgets.obj
d:\v1.5\alpha\lagcomp.obj
d:\v1.5\alpha\entlistener.obj
d:\v1.5\alpha\bullet_tracers.obj
d:\v1.5\alpha\offsets.obj
d:\v1.5\alpha\event_logs.obj
d:\v1.5\alpha\snow.obj
d:\v1.5\alpha\threaded_animstate.obj
d:\v1.5\alpha\globals.obj
d:\v1.5\alpha\fake_lag.obj
d:\v1.5\alpha\modules.obj
d:\v1.5\alpha\animations.obj
d:\v1.5\alpha\post_processing.obj
d:\v1.5\alpha\entities.obj
d:\v1.5\alpha\md5_pseudo_random.obj
d:\v1.5\alpha\world_modulation.obj
d:\v1.5\alpha\hud_hacks.obj
d:\v1.5\alpha\button.obj
d:\v1.5\alpha\predfix.obj
d:\v1.5\alpha\imgui_draw.obj
d:\v1.5\alpha\key_states.obj
d:\v1.5\alpha\luasystem.obj
d:\v1.5\alpha\xorstr.obj
d:\v1.5\alpha\dllmain.obj
d:\v1.5\alpha\slider.obj
d:\v1.5\alpha\ragebot.obj
d:\v1.5\alpha\buy_bot.obj
d:\v1.5\alpha\legacy_str.obj
d:\v1.5\alpha\exploits.obj
d:\v1.5\alpha\misc_structs.obj
d:\v1.5\alpha\vmt_hooks.obj
d:\v1.5\alpha\anti_aim.obj
d:\v1.5\alpha\game_movement.obj
d:\v1.5\alpha\keybind.obj
d:\v1.5\alpha\server_bones.obj
d:\v1.5\alpha\convars.obj
d:\v1.5\alpha\main_utils.obj
d:\v1.5\alpha\resolver.obj
d:\v1.5\alpha\clantag.obj
d:\v1.5\alpha\textbox.obj
d:\v1.5\alpha\structs.obj
d:\v1.5\alpha\esp.obj
d:\v1.5\alpha\fov_and_view.obj
d:\v1.5\alpha\colorpicker.obj
d:\v1.5\alpha\spoofers.obj
d:\v1.5\alpha\grenade_prediction.obj
d:\v1.5\alpha\math.obj
d:\v1.5\alpha\sdk_misc.obj
d:\v1.5\alpha\engine_prediction.obj
d:\v1.5\alpha\menu_indicators.obj
d:\v1.5\alpha\thirdperson.obj
d:\v1.5\bins\csgo-release_alpha.lib
d:\v1.5\bins\csgo-release_alpha.exp
d:\v1.5\alpha\opaihook.tlog\cl.command.1.tlog
d:\v1.5\alpha\opaihook.tlog\cl.read.1.tlog
d:\v1.5\alpha\opaihook.tlog\cl.write.1.tlog
d:\v1.5\alpha\opaihook.tlog\link-cvtres.read.1.tlog
d:\v1.5\alpha\opaihook.tlog\link-cvtres.write.1.tlog
d:\v1.5\alpha\opaihook.tlog\link-rc.read.1.tlog
d:\v1.5\alpha\opaihook.tlog\link-rc.write.1.tlog
d:\v1.5\alpha\opaihook.tlog\link.command.1.tlog
d:\v1.5\alpha\opaihook.tlog\link.read.1.tlog
d:\v1.5\alpha\opaihook.tlog\link.write.1.tlog
d:\v1.5\alpha\opaihook.tlog\opaihook.write.1u.tlog
